<?xml version="1.0" encoding="UTF-8"?>
<!-- Generated by org.testng.reporters.JUnitReportReporter -->
<testsuite hostname="DESKTOP-UVCNVNR" failures="0" tests="5" name="qabible.Simpleformdemo" time="41.862" errors="0" timestamp="2024-05-05T15:35:08 IST" skipped="0">
  <testcase classname="qabible.Simpleformdemo" name="Verify_textsimpleform1" time="8.240"/>
  <testcase classname="qabible.Simpleformdemo" name="Verify_textsimpleform2" time="7.687"/>
  <testcase classname="qabible.Simpleformdemo" name="Verify_textsimpleform3" time="9.153"/>
  <testcase classname="qabible.Simpleformdemo" name="Verify_textsimpleform4" time="8.595"/>
  <testcase classname="qabible.Simpleformdemo" name="Verify_textsimpleform5" time="8.187"/>
</testsuite> <!-- qabible.Simpleformdemo -->
